<?xml version="1.0" encoding="UTF-8"?>
<!-- Generated by org.testng.reporters.JUnitReportReporter -->
<testsuite skipped="0" hostname="DELL-PC" name="com.sauce.SauceDemo.SauceLabs" tests="4" failures="0" timestamp="2021-09-17T11:42:00 IST" time="35.935" errors="0">
  <testcase name="ProductDetails_Validation" time="10.688" classname="com.sauce.SauceDemo.SauceLabs"/>
  <testcase name="Product_Availability" time="9.005" classname="com.sauce.SauceDemo.SauceLabs"/>
  <testcase name="ProductPrice_Validation" time="9.016" classname="com.sauce.SauceDemo.SauceLabs"/>
  <testcase name="ErrorMessage_Validation" time="7.226" classname="com.sauce.SauceDemo.SauceLabs"/>
</testsuite> <!-- com.sauce.SauceDemo.SauceLabs -->
